GAS LISTING /tmp/ccrtiXrH.s 			page 1


   1              		.file	"syscall_cpp.cpp"
   2              		.option pic
   3              		.option norelax
   4              		.text
   5              	.Ltext0:
   6              		.section	.text._ZN6Thread10runWrapperEPv,"axG",@progbits,_ZN6Thread10runWrapperEPv,comdat
   7              		.align	2
   8              		.weak	_ZN6Thread10runWrapperEPv
  10              	_ZN6Thread10runWrapperEPv:
  11              	.LFB20:
  12              		.file 1 "src/../h/syscall_cpp.hpp"
   1:src/../h/syscall_cpp.hpp **** #ifndef _syscall_cpp_
   2:src/../h/syscall_cpp.hpp **** #define _syscall_cpp_
   3:src/../h/syscall_cpp.hpp **** 
   4:src/../h/syscall_cpp.hpp **** #include "syscall_c.h"
   5:src/../h/syscall_cpp.hpp **** 
   6:src/../h/syscall_cpp.hpp **** class Thread
   7:src/../h/syscall_cpp.hpp **** {
   8:src/../h/syscall_cpp.hpp **** public:
   9:src/../h/syscall_cpp.hpp **** Thread(void (*telo)(void*), void* argumenti);
  10:src/../h/syscall_cpp.hpp **** virtual ~Thread();
  11:src/../h/syscall_cpp.hpp **** int start();
  12:src/../h/syscall_cpp.hpp **** static void dispatch();
  13:src/../h/syscall_cpp.hpp **** static int sleep (time_t);
  14:src/../h/syscall_cpp.hpp **** static void runWrapper(void* thread)
  13              		.loc 1 14 13
  14              		.cfi_startproc
  15              	.LVL0:
  15:src/../h/syscall_cpp.hpp **** {
  16:src/../h/syscall_cpp.hpp ****   if(thread != nullptr)
  16              		.loc 1 16 3
  17 0000 63080502 		beqz	a0,.L4
  14:src/../h/syscall_cpp.hpp **** {
  18              		.loc 1 14 13 is_stmt 0
  19 0004 130101FF 		addi	sp,sp,-16
  20              		.cfi_def_cfa_offset 16
  21 0008 23341100 		sd	ra,8(sp)
  22 000c 23308100 		sd	s0,0(sp)
  23              		.cfi_offset 1, -8
  24              		.cfi_offset 8, -16
  25 0010 13040101 		addi	s0,sp,16
  26              		.cfi_def_cfa 8, 0
  17:src/../h/syscall_cpp.hpp ****    ((Thread*) thread)->run();
  27              		.loc 1 17 4 is_stmt 1
  28              		.loc 1 17 28 is_stmt 0
  29 0014 83370500 		ld	a5,0(a0)
  30 0018 83B70701 		ld	a5,16(a5)
  31              		.loc 1 17 27
  32 001c E7800700 		jalr	a5
  33              	.LVL1:
  18:src/../h/syscall_cpp.hpp **** }
  34              		.loc 1 18 1
  35 0020 83308100 		ld	ra,8(sp)
  36              		.cfi_restore 1
  37 0024 03340100 		ld	s0,0(sp)
  38              		.cfi_restore 8
  39              		.cfi_def_cfa 2, 16
GAS LISTING /tmp/ccrtiXrH.s 			page 2


  40 0028 13010101 		addi	sp,sp,16
  41              		.cfi_def_cfa_offset 0
  42 002c 67800000 		jr	ra
  43              	.LVL2:
  44              	.L4:
  45 0030 67800000 		ret
  46              		.cfi_endproc
  47              	.LFE20:
  49              		.section	.text._ZN6Thread3runEv,"axG",@progbits,_ZN6Thread3runEv,comdat
  50              		.align	2
  51              		.weak	_ZN6Thread3runEv
  53              	_ZN6Thread3runEv:
  54              	.LFB21:
  19:src/../h/syscall_cpp.hpp **** 
  20:src/../h/syscall_cpp.hpp **** protected:
  21:src/../h/syscall_cpp.hpp ****  Thread();
  22:src/../h/syscall_cpp.hpp ****  virtual void run() {};
  55              		.loc 1 22 15 is_stmt 1
  56              		.cfi_startproc
  57              	.LVL3:
  58 0000 130101FF 		addi	sp,sp,-16
  59              		.cfi_def_cfa_offset 16
  60 0004 23348100 		sd	s0,8(sp)
  61              		.cfi_offset 8, -8
  62 0008 13040101 		addi	s0,sp,16
  63              		.cfi_def_cfa 8, 0
  64              		.loc 1 22 22 is_stmt 0
  65 000c 03348100 		ld	s0,8(sp)
  66              		.cfi_restore 8
  67              		.cfi_def_cfa 2, 16
  68 0010 13010101 		addi	sp,sp,16
  69              		.cfi_def_cfa_offset 0
  70 0014 67800000 		jr	ra
  71              		.cfi_endproc
  72              	.LFE21:
  74              		.text
  75              		.align	2
  76              		.globl	_ZN6ThreadD2Ev
  78              	_ZN6ThreadD2Ev:
  79              	.LFB26:
  80              		.file 2 "src/syscall_cpp.cpp"
   1:src/syscall_cpp.cpp **** //
   2:src/syscall_cpp.cpp **** // Created by os on 8/20/24.
   3:src/syscall_cpp.cpp **** //
   4:src/syscall_cpp.cpp **** 
   5:src/syscall_cpp.cpp **** #include "../h/syscall_cpp.hpp"
   6:src/syscall_cpp.cpp **** 
   7:src/syscall_cpp.cpp **** Thread::Thread(void (*telo)(void*), void* argumenti)
   8:src/syscall_cpp.cpp **** {
   9:src/syscall_cpp.cpp ****   thread_create(&myHandle, telo, argumenti);
  10:src/syscall_cpp.cpp **** }
  11:src/syscall_cpp.cpp **** 
  12:src/syscall_cpp.cpp **** Thread::~Thread()
  81              		.loc 2 12 1 is_stmt 1
  82              		.cfi_startproc
  83              	.LVL4:
  84 0000 130101FE 		addi	sp,sp,-32
GAS LISTING /tmp/ccrtiXrH.s 			page 3


  85              		.cfi_def_cfa_offset 32
  86 0004 233C1100 		sd	ra,24(sp)
  87 0008 23388100 		sd	s0,16(sp)
  88 000c 23349100 		sd	s1,8(sp)
  89              		.cfi_offset 1, -8
  90              		.cfi_offset 8, -16
  91              		.cfi_offset 9, -24
  92 0010 13040102 		addi	s0,sp,32
  93              		.cfi_def_cfa 8, 0
  94              	.LBB6:
  95              		.loc 2 12 17 is_stmt 0
  96 0014 97070000 		lla	a5,_ZTV6Thread+16
  96      93870700 
  97 001c 2330F500 		sd	a5,0(a0)
  13:src/syscall_cpp.cpp **** {
  14:src/syscall_cpp.cpp ****  delete myHandle;
  98              		.loc 2 14 2 is_stmt 1
  99              		.loc 2 14 9 is_stmt 0
 100 0020 83348500 		ld	s1,8(a0)
 101              		.loc 2 14 17
 102 0024 63800402 		beqz	s1,.L9
 103              	.LVL5:
 104              	.LBB7:
 105              	.LBB8:
 106              		.file 3 "src/../h/TCB.hpp"
   1:src/../h/TCB.hpp **** #ifndef _TCB_
   2:src/../h/TCB.hpp **** #define _TCB_
   3:src/../h/TCB.hpp **** 
   4:src/../h/TCB.hpp **** #include "../lib/hw.h"
   5:src/../h/TCB.hpp **** #include "Scheduler.hpp"
   6:src/../h/TCB.hpp **** #include "MemoryAllocator.hpp"
   7:src/../h/TCB.hpp **** 
   8:src/../h/TCB.hpp **** class TCB;
   9:src/../h/TCB.hpp **** class Thread;
  10:src/../h/TCB.hpp **** 
  11:src/../h/TCB.hpp **** using thread_t = TCB*;
  12:src/../h/TCB.hpp **** 
  13:src/../h/TCB.hpp **** class TCB
  14:src/../h/TCB.hpp **** {
  15:src/../h/TCB.hpp **** public:
  16:src/../h/TCB.hpp ****     using Telo = void(*)(void*);
  17:src/../h/TCB.hpp **** 
  18:src/../h/TCB.hpp **** private:
  19:src/../h/TCB.hpp ****    struct Context
  20:src/../h/TCB.hpp ****    {
  21:src/../h/TCB.hpp ****      uint64 ra;
  22:src/../h/TCB.hpp ****      uint64 sp;
  23:src/../h/TCB.hpp ****    };
  24:src/../h/TCB.hpp **** 
  25:src/../h/TCB.hpp ****    Telo telo;
  26:src/../h/TCB.hpp ****    uint64 *stek;
  27:src/../h/TCB.hpp ****    Context context;
  28:src/../h/TCB.hpp ****    void *argumenti;
  29:src/../h/TCB.hpp ****    bool zavrsena;
  30:src/../h/TCB.hpp ****    bool blokirana;
  31:src/../h/TCB.hpp **** 
  32:src/../h/TCB.hpp ****    TCB(Telo body, void* argumenti, void *stek);
GAS LISTING /tmp/ccrtiXrH.s 			page 4


  33:src/../h/TCB.hpp **** 
  34:src/../h/TCB.hpp ****    static void popSppSpie();
  35:src/../h/TCB.hpp **** 
  36:src/../h/TCB.hpp ****    static void yield(Context *, Context*);
  37:src/../h/TCB.hpp **** 
  38:src/../h/TCB.hpp ****    friend Thread;
  39:src/../h/TCB.hpp **** 
  40:src/../h/TCB.hpp **** public:
  41:src/../h/TCB.hpp **** 
  42:src/../h/TCB.hpp ****    static void wrapper();
  43:src/../h/TCB.hpp **** 
  44:src/../h/TCB.hpp ****    static int napraviNit(thread_t* handle, Telo telo, void* argumenti, void* stek)
  45:src/../h/TCB.hpp ****    {
  46:src/../h/TCB.hpp ****      *handle = (thread_t) new TCB(telo, argumenti, stek);
  47:src/../h/TCB.hpp ****      if(telo != nullptr)
  48:src/../h/TCB.hpp ****        Scheduler::stavi(*handle);
  49:src/../h/TCB.hpp ****      return 0;
  50:src/../h/TCB.hpp ****    }
  51:src/../h/TCB.hpp ****    static int napraviNitNeZapocni(thread_t* handle, Telo telo, void* argumenti, void* stek)
  52:src/../h/TCB.hpp ****    {
  53:src/../h/TCB.hpp ****        *handle = (thread_t) new TCB(telo, argumenti, stek);
  54:src/../h/TCB.hpp ****        return 0;
  55:src/../h/TCB.hpp ****    }
  56:src/../h/TCB.hpp **** 
  57:src/../h/TCB.hpp ****    static void start(TCB* nit)
  58:src/../h/TCB.hpp ****    {
  59:src/../h/TCB.hpp ****      if(nit->telo != nullptr)
  60:src/../h/TCB.hpp ****        Scheduler::stavi(nit);
  61:src/../h/TCB.hpp ****    }
  62:src/../h/TCB.hpp ****    static void dispatch();
  63:src/../h/TCB.hpp ****    static void exit();
  64:src/../h/TCB.hpp **** 
  65:src/../h/TCB.hpp ****    static TCB* trenutnaNit;
  66:src/../h/TCB.hpp **** 
  67:src/../h/TCB.hpp ****    bool daLiJeZavrsena() const
  68:src/../h/TCB.hpp ****    {
  69:src/../h/TCB.hpp ****       return zavrsena;
  70:src/../h/TCB.hpp ****    }
  71:src/../h/TCB.hpp **** 
  72:src/../h/TCB.hpp ****    void postaviStatus(bool status)
  73:src/../h/TCB.hpp ****    {
  74:src/../h/TCB.hpp ****      this->zavrsena = status;
  75:src/../h/TCB.hpp ****    }
  76:src/../h/TCB.hpp **** 
  77:src/../h/TCB.hpp ****    void blokiraj()
  78:src/../h/TCB.hpp ****    {
  79:src/../h/TCB.hpp ****      this->blokirana = true;
  80:src/../h/TCB.hpp ****    }
  81:src/../h/TCB.hpp ****    void odblokiraj()
  82:src/../h/TCB.hpp ****    {
  83:src/../h/TCB.hpp ****      this->blokirana = false;
  84:src/../h/TCB.hpp ****    }
  85:src/../h/TCB.hpp **** 
  86:src/../h/TCB.hpp ****    bool daLiJeBlokirana() const
  87:src/../h/TCB.hpp ****    {
  88:src/../h/TCB.hpp ****      return this->blokirana;
  89:src/../h/TCB.hpp ****    }
GAS LISTING /tmp/ccrtiXrH.s 			page 5


  90:src/../h/TCB.hpp **** 
  91:src/../h/TCB.hpp ****    ~TCB()
  92:src/../h/TCB.hpp ****    {
  93:src/../h/TCB.hpp ****      delete stek;
 107              		.loc 3 93 6 is_stmt 1
 108              		.loc 3 93 13 is_stmt 0
 109 0028 03B58400 		ld	a0,8(s1)
 110              	.LVL6:
 111              		.loc 3 93 17
 112 002c 63060500 		beqz	a0,.L11
 113              		.loc 3 93 13
 114 0030 97000000 		call	_ZdlPv@plt
 114      E7800000 
 115              	.LVL7:
 116              	.L11:
 117              	.LBE8:
 118              	.LBE7:
 119              		.loc 2 14 9
 120 0038 13850400 		mv	a0,s1
 121 003c 97000000 		call	_ZdlPv@plt
 121      E7800000 
 122              	.LVL8:
 123              	.L9:
 124              	.LBE6:
  15:src/syscall_cpp.cpp **** }
 125              		.loc 2 15 1
 126 0044 83308101 		ld	ra,24(sp)
 127              		.cfi_restore 1
 128 0048 03340101 		ld	s0,16(sp)
 129              		.cfi_restore 8
 130              		.cfi_def_cfa 2, 32
 131 004c 83348100 		ld	s1,8(sp)
 132              		.cfi_restore 9
 133 0050 13010102 		addi	sp,sp,32
 134              		.cfi_def_cfa_offset 0
 135 0054 67800000 		jr	ra
 136              		.cfi_endproc
 137              	.LFE26:
 139              		.globl	_ZN6ThreadD1Ev
 140              		.set	_ZN6ThreadD1Ev,_ZN6ThreadD2Ev
 141              		.align	2
 142              		.globl	_ZN6ThreadD0Ev
 144              	_ZN6ThreadD0Ev:
 145              	.LFB28:
  12:src/syscall_cpp.cpp **** {
 146              		.loc 2 12 1 is_stmt 1
 147              		.cfi_startproc
 148              	.LVL9:
 149 0058 130101FE 		addi	sp,sp,-32
 150              		.cfi_def_cfa_offset 32
 151 005c 233C1100 		sd	ra,24(sp)
 152 0060 23388100 		sd	s0,16(sp)
 153 0064 23349100 		sd	s1,8(sp)
 154              		.cfi_offset 1, -8
 155              		.cfi_offset 8, -16
 156              		.cfi_offset 9, -24
 157 0068 13040102 		addi	s0,sp,32
GAS LISTING /tmp/ccrtiXrH.s 			page 6


 158              		.cfi_def_cfa 8, 0
 159 006c 93040500 		mv	s1,a0
 160              		.loc 2 15 1 is_stmt 0
 161 0070 97000000 		call	_ZN6ThreadD1Ev
 161      E7800000 
 162              	.LVL10:
 163 0078 13850400 		mv	a0,s1
 164 007c 97000000 		call	_ZdlPv@plt
 164      E7800000 
 165              	.LVL11:
 166 0084 83308101 		ld	ra,24(sp)
 167              		.cfi_restore 1
 168 0088 03340101 		ld	s0,16(sp)
 169              		.cfi_restore 8
 170              		.cfi_def_cfa 2, 32
 171 008c 83348100 		ld	s1,8(sp)
 172              		.cfi_restore 9
 173              	.LVL12:
 174 0090 13010102 		addi	sp,sp,32
 175              		.cfi_def_cfa_offset 0
 176 0094 67800000 		jr	ra
 177              		.cfi_endproc
 178              	.LFE28:
 180              		.align	2
 181              		.globl	_ZN6ThreadC2EPFvPvES0_
 183              	_ZN6ThreadC2EPFvPvES0_:
 184              	.LFB23:
   7:src/syscall_cpp.cpp **** {
 185              		.loc 2 7 1 is_stmt 1
 186              		.cfi_startproc
 187              	.LVL13:
 188 0098 130101FF 		addi	sp,sp,-16
 189              		.cfi_def_cfa_offset 16
 190 009c 23341100 		sd	ra,8(sp)
 191 00a0 23308100 		sd	s0,0(sp)
 192              		.cfi_offset 1, -8
 193              		.cfi_offset 8, -16
 194 00a4 13040101 		addi	s0,sp,16
 195              		.cfi_def_cfa 8, 0
 196              	.LBB9:
   7:src/syscall_cpp.cpp **** {
 197              		.loc 2 7 52 is_stmt 0
 198 00a8 97070000 		lla	a5,_ZTV6Thread+16
 198      93870700 
 199 00b0 2330F500 		sd	a5,0(a0)
   9:src/syscall_cpp.cpp **** }
 200              		.loc 2 9 3 is_stmt 1
   9:src/syscall_cpp.cpp **** }
 201              		.loc 2 9 16 is_stmt 0
 202 00b4 13058500 		addi	a0,a0,8
 203              	.LVL14:
 204 00b8 97000000 		call	_Z13thread_createPP3TCBPFvPvES2_@plt
 204      E7800000 
 205              	.LVL15:
 206              	.LBE9:
  10:src/syscall_cpp.cpp **** 
 207              		.loc 2 10 1
GAS LISTING /tmp/ccrtiXrH.s 			page 7


 208 00c0 83308100 		ld	ra,8(sp)
 209              		.cfi_restore 1
 210 00c4 03340100 		ld	s0,0(sp)
 211              		.cfi_restore 8
 212              		.cfi_def_cfa 2, 16
 213 00c8 13010101 		addi	sp,sp,16
 214              		.cfi_def_cfa_offset 0
 215 00cc 67800000 		jr	ra
 216              		.cfi_endproc
 217              	.LFE23:
 219              		.globl	_ZN6ThreadC1EPFvPvES0_
 220              		.set	_ZN6ThreadC1EPFvPvES0_,_ZN6ThreadC2EPFvPvES0_
 221              		.align	2
 222              		.globl	_ZN6Thread5startEv
 224              	_ZN6Thread5startEv:
 225              	.LFB29:
  16:src/syscall_cpp.cpp **** 
  17:src/syscall_cpp.cpp **** int Thread::start()
  18:src/syscall_cpp.cpp **** {
 226              		.loc 2 18 1 is_stmt 1
 227              		.cfi_startproc
 228              	.LVL16:
 229 00d0 130101FF 		addi	sp,sp,-16
 230              		.cfi_def_cfa_offset 16
 231 00d4 23341100 		sd	ra,8(sp)
 232 00d8 23308100 		sd	s0,0(sp)
 233              		.cfi_offset 1, -8
 234              		.cfi_offset 8, -16
 235 00dc 13040101 		addi	s0,sp,16
 236              		.cfi_def_cfa 8, 0
  19:src/syscall_cpp.cpp ****   thread_start(this->myHandle);
 237              		.loc 2 19 3
 238              		.loc 2 19 15 is_stmt 0
 239 00e0 03358500 		ld	a0,8(a0)
 240              	.LVL17:
 241 00e4 97000000 		call	_Z12thread_startP3TCB@plt
 241      E7800000 
 242              	.LVL18:
  20:src/syscall_cpp.cpp ****   return 0;
 243              		.loc 2 20 3 is_stmt 1
  21:src/syscall_cpp.cpp **** }
 244              		.loc 2 21 1 is_stmt 0
 245 00ec 13050000 		li	a0,0
 246 00f0 83308100 		ld	ra,8(sp)
 247              		.cfi_restore 1
 248 00f4 03340100 		ld	s0,0(sp)
 249              		.cfi_restore 8
 250              		.cfi_def_cfa 2, 16
 251 00f8 13010101 		addi	sp,sp,16
 252              		.cfi_def_cfa_offset 0
 253 00fc 67800000 		jr	ra
 254              		.cfi_endproc
 255              	.LFE29:
 257              		.align	2
 258              		.globl	_ZN6Thread8dispatchEv
 260              	_ZN6Thread8dispatchEv:
 261              	.LFB30:
GAS LISTING /tmp/ccrtiXrH.s 			page 8


  22:src/syscall_cpp.cpp **** 
  23:src/syscall_cpp.cpp **** void Thread::dispatch()
  24:src/syscall_cpp.cpp **** {
 262              		.loc 2 24 1 is_stmt 1
 263              		.cfi_startproc
 264 0100 130101FF 		addi	sp,sp,-16
 265              		.cfi_def_cfa_offset 16
 266 0104 23341100 		sd	ra,8(sp)
 267 0108 23308100 		sd	s0,0(sp)
 268              		.cfi_offset 1, -8
 269              		.cfi_offset 8, -16
 270 010c 13040101 		addi	s0,sp,16
 271              		.cfi_def_cfa 8, 0
  25:src/syscall_cpp.cpp ****   thread_dispatch();
 272              		.loc 2 25 3
 273              		.loc 2 25 18 is_stmt 0
 274 0110 97000000 		call	_Z15thread_dispatchv@plt
 274      E7800000 
 275              	.LVL19:
  26:src/syscall_cpp.cpp **** }
 276              		.loc 2 26 1
 277 0118 83308100 		ld	ra,8(sp)
 278              		.cfi_restore 1
 279 011c 03340100 		ld	s0,0(sp)
 280              		.cfi_restore 8
 281              		.cfi_def_cfa 2, 16
 282 0120 13010101 		addi	sp,sp,16
 283              		.cfi_def_cfa_offset 0
 284 0124 67800000 		jr	ra
 285              		.cfi_endproc
 286              	.LFE30:
 288              		.align	2
 289              		.globl	_ZN6Thread5sleepEm
 291              	_ZN6Thread5sleepEm:
 292              	.LFB31:
  27:src/syscall_cpp.cpp **** 
  28:src/syscall_cpp.cpp **** int Thread::sleep(time_t t)
  29:src/syscall_cpp.cpp **** {
 293              		.loc 2 29 1 is_stmt 1
 294              		.cfi_startproc
 295              	.LVL20:
 296 0128 130101FF 		addi	sp,sp,-16
 297              		.cfi_def_cfa_offset 16
 298 012c 23348100 		sd	s0,8(sp)
 299              		.cfi_offset 8, -8
 300 0130 13040101 		addi	s0,sp,16
 301              		.cfi_def_cfa 8, 0
  30:src/syscall_cpp.cpp ****   return 0;
 302              		.loc 2 30 3
  31:src/syscall_cpp.cpp **** }
 303              		.loc 2 31 1 is_stmt 0
 304 0134 13050000 		li	a0,0
 305              	.LVL21:
 306 0138 03348100 		ld	s0,8(sp)
 307              		.cfi_restore 8
 308              		.cfi_def_cfa 2, 16
 309 013c 13010101 		addi	sp,sp,16
GAS LISTING /tmp/ccrtiXrH.s 			page 9


 310              		.cfi_def_cfa_offset 0
 311 0140 67800000 		jr	ra
 312              		.cfi_endproc
 313              	.LFE31:
 315              		.align	2
 316              		.globl	_ZN6ThreadC2Ev
 318              	_ZN6ThreadC2Ev:
 319              	.LFB33:
  32:src/syscall_cpp.cpp **** 
  33:src/syscall_cpp.cpp **** Thread::Thread()
 320              		.loc 2 33 1 is_stmt 1
 321              		.cfi_startproc
 322              	.LVL22:
 323 0144 130101FF 		addi	sp,sp,-16
 324              		.cfi_def_cfa_offset 16
 325 0148 23341100 		sd	ra,8(sp)
 326 014c 23308100 		sd	s0,0(sp)
 327              		.cfi_offset 1, -8
 328              		.cfi_offset 8, -16
 329 0150 13040101 		addi	s0,sp,16
 330              		.cfi_def_cfa 8, 0
 331              	.LBB10:
 332              		.loc 2 33 16 is_stmt 0
 333 0154 97070000 		lla	a5,_ZTV6Thread+16
 333      93870700 
 334 015c 2330F500 		sd	a5,0(a0)
  34:src/syscall_cpp.cpp **** {
  35:src/syscall_cpp.cpp ****   thread_no_start(&myHandle, &runWrapper, this);
 335              		.loc 2 35 3 is_stmt 1
 336              		.loc 2 35 18 is_stmt 0
 337 0160 13060500 		mv	a2,a0
 338 0164 97050000 		lla	a1,_ZN6Thread10runWrapperEPv
 338      93850500 
 339 016c 13058500 		addi	a0,a0,8
 340              	.LVL23:
 341 0170 97000000 		call	_Z15thread_no_startPP3TCBPFvPvES2_@plt
 341      E7800000 
 342              	.LVL24:
 343              	.LBE10:
  36:src/syscall_cpp.cpp **** }...
 344              		.loc 2 36 1
 345 0178 83308100 		ld	ra,8(sp)
 346              		.cfi_restore 1
 347 017c 03340100 		ld	s0,0(sp)
 348              		.cfi_restore 8
 349              		.cfi_def_cfa 2, 16
 350 0180 13010101 		addi	sp,sp,16
 351              		.cfi_def_cfa_offset 0
 352 0184 67800000 		jr	ra
 353              		.cfi_endproc
 354              	.LFE33:
 356              		.globl	_ZN6ThreadC1Ev
 357              		.set	_ZN6ThreadC1Ev,_ZN6ThreadC2Ev
 358              		.weak	_ZTV6Thread
 359              		.section	.data.rel.ro.local._ZTV6Thread,"awG",@progbits,_ZTV6Thread,comdat
 360              		.align	3
 363              	_ZTV6Thread:
GAS LISTING /tmp/ccrtiXrH.s 			page 10


 364 0000 00000000 		.dword	0
 364      00000000 
 365 0008 00000000 		.dword	0
 365      00000000 
 366 0010 00000000 		.dword	_ZN6ThreadD1Ev
 366      00000000 
 367 0018 00000000 		.dword	_ZN6ThreadD0Ev
 367      00000000 
 368 0020 00000000 		.dword	_ZN6Thread3runEv
 368      00000000 
 369              		.text
 370              	.Letext0:
 371              		.file 4 "src/../h/../lib/hw.h"
 372              		.file 5 "src/../h/syscall_c.h"
GAS LISTING /tmp/ccrtiXrH.s 			page 11


DEFINED SYMBOLS
                            *ABS*:0000000000000000 syscall_cpp.cpp
     /tmp/ccrtiXrH.s:10     .text._ZN6Thread10runWrapperEPv:0000000000000000 _ZN6Thread10runWrapperEPv
     /tmp/ccrtiXrH.s:14     .text._ZN6Thread10runWrapperEPv:0000000000000000 .L0 
     /tmp/ccrtiXrH.s:16     .text._ZN6Thread10runWrapperEPv:0000000000000000 .L0 
     /tmp/ccrtiXrH.s:17     .text._ZN6Thread10runWrapperEPv:0000000000000000 .L0 
     /tmp/ccrtiXrH.s:19     .text._ZN6Thread10runWrapperEPv:0000000000000004 .L0 
     /tmp/ccrtiXrH.s:20     .text._ZN6Thread10runWrapperEPv:0000000000000008 .L0 
     /tmp/ccrtiXrH.s:23     .text._ZN6Thread10runWrapperEPv:0000000000000010 .L0 
     /tmp/ccrtiXrH.s:24     .text._ZN6Thread10runWrapperEPv:0000000000000010 .L0 
     /tmp/ccrtiXrH.s:26     .text._ZN6Thread10runWrapperEPv:0000000000000014 .L0 
     /tmp/ccrtiXrH.s:28     .text._ZN6Thread10runWrapperEPv:0000000000000014 .L0 
     /tmp/ccrtiXrH.s:29     .text._ZN6Thread10runWrapperEPv:0000000000000014 .L0 
     /tmp/ccrtiXrH.s:32     .text._ZN6Thread10runWrapperEPv:000000000000001c .L0 
     /tmp/ccrtiXrH.s:35     .text._ZN6Thread10runWrapperEPv:0000000000000020 .L0 
     /tmp/ccrtiXrH.s:36     .text._ZN6Thread10runWrapperEPv:0000000000000024 .L0 
     /tmp/ccrtiXrH.s:38     .text._ZN6Thread10runWrapperEPv:0000000000000028 .L0 
     /tmp/ccrtiXrH.s:39     .text._ZN6Thread10runWrapperEPv:0000000000000028 .L0 
     /tmp/ccrtiXrH.s:41     .text._ZN6Thread10runWrapperEPv:000000000000002c .L0 
     /tmp/ccrtiXrH.s:46     .text._ZN6Thread10runWrapperEPv:0000000000000034 .L0 
     /tmp/ccrtiXrH.s:53     .text._ZN6Thread3runEv:0000000000000000 _ZN6Thread3runEv
     /tmp/ccrtiXrH.s:56     .text._ZN6Thread3runEv:0000000000000000 .L0 
     /tmp/ccrtiXrH.s:58     .text._ZN6Thread3runEv:0000000000000000 .L0 
     /tmp/ccrtiXrH.s:59     .text._ZN6Thread3runEv:0000000000000004 .L0 
     /tmp/ccrtiXrH.s:61     .text._ZN6Thread3runEv:0000000000000008 .L0 
     /tmp/ccrtiXrH.s:63     .text._ZN6Thread3runEv:000000000000000c .L0 
     /tmp/ccrtiXrH.s:65     .text._ZN6Thread3runEv:000000000000000c .L0 
     /tmp/ccrtiXrH.s:66     .text._ZN6Thread3runEv:0000000000000010 .L0 
     /tmp/ccrtiXrH.s:67     .text._ZN6Thread3runEv:0000000000000010 .L0 
     /tmp/ccrtiXrH.s:69     .text._ZN6Thread3runEv:0000000000000014 .L0 
     /tmp/ccrtiXrH.s:71     .text._ZN6Thread3runEv:0000000000000018 .L0 
     /tmp/ccrtiXrH.s:78     .text:0000000000000000 _ZN6ThreadD2Ev
     /tmp/ccrtiXrH.s:82     .text:0000000000000000 .L0 
     /tmp/ccrtiXrH.s:84     .text:0000000000000000 .L0 
     /tmp/ccrtiXrH.s:85     .text:0000000000000004 .L0 
     /tmp/ccrtiXrH.s:89     .text:0000000000000010 .L0 
     /tmp/ccrtiXrH.s:90     .text:0000000000000010 .L0 
     /tmp/ccrtiXrH.s:91     .text:0000000000000010 .L0 
     /tmp/ccrtiXrH.s:93     .text:0000000000000014 .L0 
     /tmp/ccrtiXrH.s:363    .data.rel.ro.local._ZTV6Thread:0000000000000000 _ZTV6Thread
     /tmp/ccrtiXrH.s:96     .text:0000000000000014 .L0 
     /tmp/ccrtiXrH.s:99     .text:0000000000000020 .L0 
     /tmp/ccrtiXrH.s:100    .text:0000000000000020 .L0 
     /tmp/ccrtiXrH.s:102    .text:0000000000000024 .L0 
     /tmp/ccrtiXrH.s:108    .text:0000000000000028 .L0 
     /tmp/ccrtiXrH.s:109    .text:0000000000000028 .L0 
     /tmp/ccrtiXrH.s:112    .text:000000000000002c .L0 
     /tmp/ccrtiXrH.s:114    .text:0000000000000030 .L0 
     /tmp/ccrtiXrH.s:120    .text:0000000000000038 .L0 
     /tmp/ccrtiXrH.s:126    .text:0000000000000044 .L0 
     /tmp/ccrtiXrH.s:127    .text:0000000000000048 .L0 
     /tmp/ccrtiXrH.s:129    .text:000000000000004c .L0 
     /tmp/ccrtiXrH.s:130    .text:000000000000004c .L0 
     /tmp/ccrtiXrH.s:132    .text:0000000000000050 .L0 
     /tmp/ccrtiXrH.s:134    .text:0000000000000054 .L0 
     /tmp/ccrtiXrH.s:136    .text:0000000000000058 .L0 
     /tmp/ccrtiXrH.s:78     .text:0000000000000000 _ZN6ThreadD1Ev
GAS LISTING /tmp/ccrtiXrH.s 			page 12


     /tmp/ccrtiXrH.s:144    .text:0000000000000058 _ZN6ThreadD0Ev
     /tmp/ccrtiXrH.s:147    .text:0000000000000058 .L0 
     /tmp/ccrtiXrH.s:149    .text:0000000000000058 .L0 
     /tmp/ccrtiXrH.s:150    .text:000000000000005c .L0 
     /tmp/ccrtiXrH.s:154    .text:0000000000000068 .L0 
     /tmp/ccrtiXrH.s:155    .text:0000000000000068 .L0 
     /tmp/ccrtiXrH.s:156    .text:0000000000000068 .L0 
     /tmp/ccrtiXrH.s:158    .text:000000000000006c .L0 
     /tmp/ccrtiXrH.s:161    .text:0000000000000070 .L0 
     /tmp/ccrtiXrH.s:167    .text:0000000000000088 .L0 
     /tmp/ccrtiXrH.s:169    .text:000000000000008c .L0 
     /tmp/ccrtiXrH.s:170    .text:000000000000008c .L0 
     /tmp/ccrtiXrH.s:172    .text:0000000000000090 .L0 
     /tmp/ccrtiXrH.s:175    .text:0000000000000094 .L0 
     /tmp/ccrtiXrH.s:177    .text:0000000000000098 .L0 
     /tmp/ccrtiXrH.s:183    .text:0000000000000098 _ZN6ThreadC2EPFvPvES0_
     /tmp/ccrtiXrH.s:186    .text:0000000000000098 .L0 
     /tmp/ccrtiXrH.s:188    .text:0000000000000098 .L0 
     /tmp/ccrtiXrH.s:189    .text:000000000000009c .L0 
     /tmp/ccrtiXrH.s:192    .text:00000000000000a4 .L0 
     /tmp/ccrtiXrH.s:193    .text:00000000000000a4 .L0 
     /tmp/ccrtiXrH.s:195    .text:00000000000000a8 .L0 
     /tmp/ccrtiXrH.s:198    .text:00000000000000a8 .L0 
     /tmp/ccrtiXrH.s:201    .text:00000000000000b4 .L0 
     /tmp/ccrtiXrH.s:202    .text:00000000000000b4 .L0 
     /tmp/ccrtiXrH.s:208    .text:00000000000000c0 .L0 
     /tmp/ccrtiXrH.s:209    .text:00000000000000c4 .L0 
     /tmp/ccrtiXrH.s:211    .text:00000000000000c8 .L0 
     /tmp/ccrtiXrH.s:212    .text:00000000000000c8 .L0 
     /tmp/ccrtiXrH.s:214    .text:00000000000000cc .L0 
     /tmp/ccrtiXrH.s:216    .text:00000000000000d0 .L0 
     /tmp/ccrtiXrH.s:183    .text:0000000000000098 _ZN6ThreadC1EPFvPvES0_
     /tmp/ccrtiXrH.s:224    .text:00000000000000d0 _ZN6Thread5startEv
     /tmp/ccrtiXrH.s:227    .text:00000000000000d0 .L0 
     /tmp/ccrtiXrH.s:229    .text:00000000000000d0 .L0 
     /tmp/ccrtiXrH.s:230    .text:00000000000000d4 .L0 
     /tmp/ccrtiXrH.s:233    .text:00000000000000dc .L0 
     /tmp/ccrtiXrH.s:234    .text:00000000000000dc .L0 
     /tmp/ccrtiXrH.s:236    .text:00000000000000e0 .L0 
     /tmp/ccrtiXrH.s:238    .text:00000000000000e0 .L0 
     /tmp/ccrtiXrH.s:239    .text:00000000000000e0 .L0 
     /tmp/ccrtiXrH.s:244    .text:00000000000000ec .L0 
     /tmp/ccrtiXrH.s:245    .text:00000000000000ec .L0 
     /tmp/ccrtiXrH.s:247    .text:00000000000000f4 .L0 
     /tmp/ccrtiXrH.s:249    .text:00000000000000f8 .L0 
     /tmp/ccrtiXrH.s:250    .text:00000000000000f8 .L0 
     /tmp/ccrtiXrH.s:252    .text:00000000000000fc .L0 
     /tmp/ccrtiXrH.s:254    .text:0000000000000100 .L0 
     /tmp/ccrtiXrH.s:260    .text:0000000000000100 _ZN6Thread8dispatchEv
     /tmp/ccrtiXrH.s:263    .text:0000000000000100 .L0 
     /tmp/ccrtiXrH.s:264    .text:0000000000000100 .L0 
     /tmp/ccrtiXrH.s:265    .text:0000000000000104 .L0 
     /tmp/ccrtiXrH.s:268    .text:000000000000010c .L0 
     /tmp/ccrtiXrH.s:269    .text:000000000000010c .L0 
     /tmp/ccrtiXrH.s:271    .text:0000000000000110 .L0 
     /tmp/ccrtiXrH.s:273    .text:0000000000000110 .L0 
     /tmp/ccrtiXrH.s:274    .text:0000000000000110 .L0 
GAS LISTING /tmp/ccrtiXrH.s 			page 13


     /tmp/ccrtiXrH.s:277    .text:0000000000000118 .L0 
     /tmp/ccrtiXrH.s:278    .text:000000000000011c .L0 
     /tmp/ccrtiXrH.s:280    .text:0000000000000120 .L0 
     /tmp/ccrtiXrH.s:281    .text:0000000000000120 .L0 
     /tmp/ccrtiXrH.s:283    .text:0000000000000124 .L0 
     /tmp/ccrtiXrH.s:285    .text:0000000000000128 .L0 
     /tmp/ccrtiXrH.s:291    .text:0000000000000128 _ZN6Thread5sleepEm
     /tmp/ccrtiXrH.s:294    .text:0000000000000128 .L0 
     /tmp/ccrtiXrH.s:296    .text:0000000000000128 .L0 
     /tmp/ccrtiXrH.s:297    .text:000000000000012c .L0 
     /tmp/ccrtiXrH.s:299    .text:0000000000000130 .L0 
     /tmp/ccrtiXrH.s:301    .text:0000000000000134 .L0 
     /tmp/ccrtiXrH.s:303    .text:0000000000000134 .L0 
     /tmp/ccrtiXrH.s:304    .text:0000000000000134 .L0 
     /tmp/ccrtiXrH.s:307    .text:000000000000013c .L0 
     /tmp/ccrtiXrH.s:308    .text:000000000000013c .L0 
     /tmp/ccrtiXrH.s:310    .text:0000000000000140 .L0 
     /tmp/ccrtiXrH.s:312    .text:0000000000000144 .L0 
     /tmp/ccrtiXrH.s:318    .text:0000000000000144 _ZN6ThreadC2Ev
     /tmp/ccrtiXrH.s:321    .text:0000000000000144 .L0 
     /tmp/ccrtiXrH.s:323    .text:0000000000000144 .L0 
     /tmp/ccrtiXrH.s:324    .text:0000000000000148 .L0 
     /tmp/ccrtiXrH.s:327    .text:0000000000000150 .L0 
     /tmp/ccrtiXrH.s:328    .text:0000000000000150 .L0 
     /tmp/ccrtiXrH.s:330    .text:0000000000000154 .L0 
     /tmp/ccrtiXrH.s:333    .text:0000000000000154 .L0 
     /tmp/ccrtiXrH.s:336    .text:0000000000000160 .L0 
     /tmp/ccrtiXrH.s:337    .text:0000000000000160 .L0 
     /tmp/ccrtiXrH.s:345    .text:0000000000000178 .L0 
     /tmp/ccrtiXrH.s:346    .text:000000000000017c .L0 
     /tmp/ccrtiXrH.s:348    .text:0000000000000180 .L0 
     /tmp/ccrtiXrH.s:349    .text:0000000000000180 .L0 
     /tmp/ccrtiXrH.s:351    .text:0000000000000184 .L0 
     /tmp/ccrtiXrH.s:353    .text:0000000000000188 .L0 
     /tmp/ccrtiXrH.s:318    .text:0000000000000144 _ZN6ThreadC1Ev
     /tmp/ccrtiXrH.s:49     .text._ZN6Thread10runWrapperEPv:0000000000000034 .L0 
     /tmp/ccrtiXrH.s:74     .text._ZN6Thread3runEv:0000000000000018 .L0 
     /tmp/ccrtiXrH.s:373    .text:0000000000000188 .L0 
     /tmp/ccrtiXrH.s:96     .text:0000000000000014 .L0 
     /tmp/ccrtiXrH.s:198    .text:00000000000000a8 .L0 
     /tmp/ccrtiXrH.s:333    .text:0000000000000154 .L0 
     /tmp/ccrtiXrH.s:338    .text:0000000000000164 .L0 
     /tmp/ccrtiXrH.s:123    .text:0000000000000044 .L9
     /tmp/ccrtiXrH.s:116    .text:0000000000000038 .L11
     /tmp/ccrtiXrH.s:44     .text._ZN6Thread10runWrapperEPv:0000000000000030 .L4
     /tmp/ccrtiXrH.s:1312   .debug_abbrev:0000000000000000 .Ldebug_abbrev0
     /tmp/ccrtiXrH.s:2553   .debug_str:00000000000004d4 .LASF76
     /tmp/ccrtiXrH.s:2529   .debug_str:0000000000000407 .LASF77
     /tmp/ccrtiXrH.s:2531   .debug_str:000000000000041b .LASF78
     /tmp/ccrtiXrH.s:2385   .debug_ranges:0000000000000000 .Ldebug_ranges0
     /tmp/ccrtiXrH.s:2395   .debug_line:0000000000000000 .Ldebug_line0
     /tmp/ccrtiXrH.s:2485   .debug_str:00000000000002b4 .LASF0
     /tmp/ccrtiXrH.s:2495   .debug_str:00000000000002f5 .LASF1
     /tmp/ccrtiXrH.s:2477   .debug_str:0000000000000281 .LASF2
     /tmp/ccrtiXrH.s:2463   .debug_str:0000000000000241 .LASF4
     /tmp/ccrtiXrH.s:2535   .debug_str:000000000000044f .LASF3
     /tmp/ccrtiXrH.s:2415   .debug_str:00000000000000a0 .LASF5
GAS LISTING /tmp/ccrtiXrH.s 			page 14


     /tmp/ccrtiXrH.s:2437   .debug_str:000000000000015d .LASF6
     /tmp/ccrtiXrH.s:2501   .debug_str:000000000000033b .LASF7
     /tmp/ccrtiXrH.s:2483   .debug_str:00000000000002a1 .LASF8
     /tmp/ccrtiXrH.s:2563   .debug_str:00000000000005cd .LASF9
     /tmp/ccrtiXrH.s:2457   .debug_str:0000000000000209 .LASF10
     /tmp/ccrtiXrH.s:2511   .debug_str:0000000000000380 .LASF11
     /tmp/ccrtiXrH.s:2557   .debug_str:00000000000005a7 .LASF12
     /tmp/ccrtiXrH.s:2417   .debug_str:00000000000000a7 .LASF13
     /tmp/ccrtiXrH.s:2401   .debug_str:000000000000000e .LASF14
     /tmp/ccrtiXrH.s:2425   .debug_str:00000000000000fc .LASF15
     /tmp/ccrtiXrH.s:2533   .debug_str:0000000000000439 .LASF16
     /tmp/ccrtiXrH.s:2429   .debug_str:0000000000000118 .LASF17
     /tmp/ccrtiXrH.s:2405   .debug_str:0000000000000032 .LASF79
     /tmp/ccrtiXrH.s:2399   .debug_str:0000000000000009 .LASF80
     /tmp/ccrtiXrH.s:2543   .debug_str:000000000000049d .LASF18
     /tmp/ccrtiXrH.s:2575   .debug_str:0000000000000628 .LASF19
     /tmp/ccrtiXrH.s:2469   .debug_str:0000000000000256 .LASF20
     /tmp/ccrtiXrH.s:2571   .debug_str:0000000000000612 .LASF21
     /tmp/ccrtiXrH.s:2537   .debug_str:0000000000000461 .LASF22
     /tmp/ccrtiXrH.s:2505   .debug_str:0000000000000359 .LASF23
     /tmp/ccrtiXrH.s:2579   .debug_str:0000000000000638 .LASF81
     /tmp/ccrtiXrH.s:2527   .debug_str:00000000000003fc .LASF82
     /tmp/ccrtiXrH.s:2489   .debug_str:00000000000002ca .LASF83
     /tmp/ccrtiXrH.s:2479   .debug_str:000000000000028f .LASF50
     /tmp/ccrtiXrH.s:2413   .debug_str:0000000000000081 .LASF84
     /tmp/ccrtiXrH.s:2547   .debug_str:00000000000004ad .LASF29
     /tmp/ccrtiXrH.s:2435   .debug_str:000000000000014b .LASF31
     /tmp/ccrtiXrH.s:2503   .debug_str:000000000000034e .LASF24
     /tmp/ccrtiXrH.s:2411   .debug_str:000000000000005c .LASF26
     /tmp/ccrtiXrH.s:2403   .debug_str:000000000000001e .LASF25
     /tmp/ccrtiXrH.s:2451   .debug_str:00000000000001b9 .LASF27
     /tmp/ccrtiXrH.s:2493   .debug_str:00000000000002ef .LASF28
     /tmp/ccrtiXrH.s:2517   .debug_str:00000000000003b0 .LASF46
     /tmp/ccrtiXrH.s:2487   .debug_str:00000000000002c1 .LASF30
     /tmp/ccrtiXrH.s:2443   .debug_str:0000000000000176 .LASF32
     /tmp/ccrtiXrH.s:2471   .debug_str:000000000000025e .LASF33
     /tmp/ccrtiXrH.s:2421   .debug_str:00000000000000d3 .LASF34
     /tmp/ccrtiXrH.s:2481   .debug_str:0000000000000295 .LASF85
     /tmp/ccrtiXrH.s:2555   .debug_str:0000000000000598 .LASF41
     /tmp/ccrtiXrH.s:2525   .debug_str:00000000000003e1 .LASF43
     /tmp/ccrtiXrH.s:2519   .debug_str:00000000000003c2 .LASF35
     /tmp/ccrtiXrH.s:2409   .debug_str:0000000000000043 .LASF36
     /tmp/ccrtiXrH.s:2407   .debug_str:000000000000003a .LASF37
     /tmp/ccrtiXrH.s:2583   .debug_str:0000000000000658 .LASF38
     /tmp/ccrtiXrH.s:2545   .debug_str:00000000000004a2 .LASF39
     /tmp/ccrtiXrH.s:2567   .debug_str:00000000000005ed .LASF40
     /tmp/ccrtiXrH.s:2549   .debug_str:00000000000004b5 .LASF42
     /tmp/ccrtiXrH.s:2419   .debug_str:00000000000000b7 .LASF44
     /tmp/ccrtiXrH.s:2439   .debug_str:0000000000000164 .LASF45
     /tmp/ccrtiXrH.s:2523   .debug_str:00000000000003d5 .LASF47
     /tmp/ccrtiXrH.s:2397   .debug_str:0000000000000000 .LASF48
     /tmp/ccrtiXrH.s:2445   .debug_str:0000000000000189 .LASF49
     /tmp/ccrtiXrH.s:2559   .debug_str:00000000000005b6 .LASF51
     /tmp/ccrtiXrH.s:2497   .debug_str:0000000000000308 .LASF86
     /tmp/ccrtiXrH.s:2475   .debug_str:0000000000000274 .LASF87
     /tmp/ccrtiXrH.s:2515   .debug_str:0000000000000399 .LASF52
     /tmp/ccrtiXrH.s:2467   .debug_str:000000000000024e .LASF88
GAS LISTING /tmp/ccrtiXrH.s 			page 15


     /tmp/ccrtiXrH.s:2491   .debug_str:00000000000002e0 .LASF89
     /tmp/ccrtiXrH.s:2453   .debug_str:00000000000001e7 .LASF53
     /tmp/ccrtiXrH.s:2449   .debug_str:00000000000001a3 .LASF54
     /tmp/ccrtiXrH.s:2465   .debug_str:0000000000000248 .LASF55
     /tmp/ccrtiXrH.s:2459   .debug_str:0000000000000217 .LASF56
     /tmp/ccrtiXrH.s:2577   .debug_str:000000000000062d .LASF57
     /tmp/ccrtiXrH.s:2423   .debug_str:00000000000000e2 .LASF58
     /tmp/ccrtiXrH.s:2455   .debug_str:00000000000001fa .LASF59
     /tmp/ccrtiXrH.s:2473   .debug_str:0000000000000263 .LASF90
     /tmp/ccrtiXrH.s:2581   .debug_str:000000000000064f .LASF60
     /tmp/ccrtiXrH.s:2565   .debug_str:00000000000005dd .LASF91
     /tmp/ccrtiXrH.s:2521   .debug_str:00000000000003d0 .LASF61
     /tmp/ccrtiXrH.s:2569   .debug_str:0000000000000603 .LASF63
     /tmp/ccrtiXrH.s:319    .text:0000000000000144 .LFB33
     /tmp/ccrtiXrH.s:354    .text:0000000000000188 .LFE33
     /tmp/ccrtiXrH.s:2217   .debug_loc:0000000000000000 .LLST9
     /tmp/ccrtiXrH.s:342    .text:0000000000000178 .LVL24
     /tmp/ccrtiXrH.s:292    .text:0000000000000128 .LFB31
     /tmp/ccrtiXrH.s:313    .text:0000000000000144 .LFE31
     /tmp/ccrtiXrH.s:2235   .debug_loc:000000000000004c .LLST8
     /tmp/ccrtiXrH.s:261    .text:0000000000000100 .LFB30
     /tmp/ccrtiXrH.s:286    .text:0000000000000128 .LFE30
     /tmp/ccrtiXrH.s:275    .text:0000000000000118 .LVL19
     /tmp/ccrtiXrH.s:225    .text:00000000000000d0 .LFB29
     /tmp/ccrtiXrH.s:255    .text:0000000000000100 .LFE29
     /tmp/ccrtiXrH.s:2249   .debug_loc:0000000000000085 .LLST7
     /tmp/ccrtiXrH.s:242    .text:00000000000000ec .LVL18
     /tmp/ccrtiXrH.s:2513   .debug_str:000000000000038f .LASF62
     /tmp/ccrtiXrH.s:2431   .debug_str:000000000000012e .LASF64
     /tmp/ccrtiXrH.s:145    .text:0000000000000058 .LFB28
     /tmp/ccrtiXrH.s:178    .text:0000000000000098 .LFE28
     /tmp/ccrtiXrH.s:2263   .debug_loc:00000000000000be .LLST3
     /tmp/ccrtiXrH.s:162    .text:0000000000000078 .LVL10
     /tmp/ccrtiXrH.s:165    .text:0000000000000084 .LVL11
     /tmp/ccrtiXrH.s:2551   .debug_str:00000000000004c5 .LASF65
     /tmp/ccrtiXrH.s:79     .text:0000000000000000 .LFB26
     /tmp/ccrtiXrH.s:137    .text:0000000000000058 .LFE26
     /tmp/ccrtiXrH.s:2281   .debug_loc:000000000000010a .LLST1
     /tmp/ccrtiXrH.s:104    .text:0000000000000028 .LBB7
     /tmp/ccrtiXrH.s:118    .text:0000000000000038 .LBE7
     /tmp/ccrtiXrH.s:2295   .debug_loc:0000000000000143 .LLST2
     /tmp/ccrtiXrH.s:115    .text:0000000000000038 .LVL7
     /tmp/ccrtiXrH.s:122    .text:0000000000000044 .LVL8
     /tmp/ccrtiXrH.s:2461   .debug_str:000000000000022a .LASF66
     /tmp/ccrtiXrH.s:184    .text:0000000000000098 .LFB23
     /tmp/ccrtiXrH.s:217    .text:00000000000000d0 .LFE23
     /tmp/ccrtiXrH.s:2302   .debug_loc:0000000000000166 .LLST4
     /tmp/ccrtiXrH.s:2322   .debug_loc:00000000000001b4 .LLST5
     /tmp/ccrtiXrH.s:2336   .debug_loc:00000000000001ed .LLST6
     /tmp/ccrtiXrH.s:205    .text:00000000000000c0 .LVL15
     /tmp/ccrtiXrH.s:54     .text._ZN6Thread3runEv:0000000000000000 .LFB21
     /tmp/ccrtiXrH.s:72     .text._ZN6Thread3runEv:0000000000000018 .LFE21
     /tmp/ccrtiXrH.s:11     .text._ZN6Thread10runWrapperEPv:0000000000000000 .LFB20
     /tmp/ccrtiXrH.s:47     .text._ZN6Thread10runWrapperEPv:0000000000000034 .LFE20
     /tmp/ccrtiXrH.s:2507   .debug_str:0000000000000363 .LASF67
     /tmp/ccrtiXrH.s:2350   .debug_loc:0000000000000226 .LLST0
     /tmp/ccrtiXrH.s:33     .text._ZN6Thread10runWrapperEPv:0000000000000020 .LVL1
GAS LISTING /tmp/ccrtiXrH.s 			page 16


     /tmp/ccrtiXrH.s:2573   .debug_str:000000000000061c .LASF92
     /tmp/ccrtiXrH.s:2539   .debug_str:000000000000046a .LASF68
     /tmp/ccrtiXrH.s:2561   .debug_str:00000000000005bd .LASF70
     /tmp/ccrtiXrH.s:2447   .debug_str:000000000000018e .LASF69
     /tmp/ccrtiXrH.s:2427   .debug_str:0000000000000108 .LASF71
     /tmp/ccrtiXrH.s:2509   .debug_str:000000000000036a .LASF72
     /tmp/ccrtiXrH.s:2441   .debug_str:0000000000000169 .LASF73
     /tmp/ccrtiXrH.s:2585   .debug_str:000000000000066b .LASF93
     /tmp/ccrtiXrH.s:2541   .debug_str:000000000000048d .LASF94
     /tmp/ccrtiXrH.s:2499   .debug_str:000000000000031a .LASF74
     /tmp/ccrtiXrH.s:2433   .debug_str:000000000000013d .LASF75
     /tmp/ccrtiXrH.s:322    .text:0000000000000144 .LVL22
     /tmp/ccrtiXrH.s:340    .text:0000000000000170 .LVL23
     /tmp/ccrtiXrH.s:295    .text:0000000000000128 .LVL20
     /tmp/ccrtiXrH.s:305    .text:0000000000000138 .LVL21
     /tmp/ccrtiXrH.s:228    .text:00000000000000d0 .LVL16
     /tmp/ccrtiXrH.s:240    .text:00000000000000e4 .LVL17
     /tmp/ccrtiXrH.s:148    .text:0000000000000058 .LVL9
     /tmp/ccrtiXrH.s:173    .text:0000000000000090 .LVL12
     /tmp/ccrtiXrH.s:83     .text:0000000000000000 .LVL4
     /tmp/ccrtiXrH.s:110    .text:000000000000002c .LVL6
     /tmp/ccrtiXrH.s:103    .text:0000000000000028 .LVL5
     /tmp/ccrtiXrH.s:187    .text:0000000000000098 .LVL13
     /tmp/ccrtiXrH.s:203    .text:00000000000000b8 .LVL14
     /tmp/ccrtiXrH.s:15     .text._ZN6Thread10runWrapperEPv:0000000000000000 .LVL0
     /tmp/ccrtiXrH.s:43     .text._ZN6Thread10runWrapperEPv:0000000000000030 .LVL2
     /tmp/ccrtiXrH.s:374    .debug_info:0000000000000000 .Ldebug_info0
     /tmp/ccrtiXrH.s:5      .text:0000000000000000 .Ltext0
     /tmp/ccrtiXrH.s:370    .text:0000000000000188 .Letext0

UNDEFINED SYMBOLS
_ZdlPv
_Z13thread_createPP3TCBPFvPvES2_
_Z12thread_startP3TCB
_Z15thread_dispatchv
_Z15thread_no_startPP3TCBPFvPvES2_
